[+] Containers:
 |- [+] Container: /Game/ThirdPerson/Maps/ThirdPersonMap
 |   |- [+] ActorDescs:
 |   |   |- Guid:0536D23F43E178095325EBAC5D03EE10 BaseClass:/Game/Prop/GranadeCharger.GranadeCharger_C NativeClass:/Script/Engine.Actor Name:GranadeCharger_C_UAID_4CCC6A83C22FA14801_2133851527 Label:GranadeCharger SpatiallyLoaded:1 Bounds:IsValid=true, Min=(X=708.000 Y=778.000 Z=0.000), Max=(X=952.000 Y=1022.000 Z=100.000) RuntimeGrid:None EditorOnly:0 RuntimeOnly:0 HLODRelevant:0
 |   |   |- Guid:0D07703A44B30F934FE1B4B143B44B22 BaseClass:/Game/Prop/GranadeCharger.GranadeCharger_C NativeClass:/Script/Engine.Actor Name:GranadeCharger_C_UAID_4CCC6A83C22FE74901_1159823906 Label:GranadeCharger2 SpatiallyLoaded:1 Bounds:IsValid=true, Min=(X=1518.000 Y=788.000 Z=0.000), Max=(X=1762.000 Y=1032.000 Z=100.000) RuntimeGrid:None EditorOnly:0 RuntimeOnly:0 HLODRelevant:0
 |   |   |- Guid:1A45523344EC93E9F61FC297EB26C3B7 BaseClass:/Game/Prop/Floor.Floor_C NativeClass:/Script/Engine.StaticMeshActor Name:Floor_C_UAID_4CCC6A83C22FFF4701_1406930016 Label:Floor SpatiallyLoaded:1 Bounds:IsValid=true, Min=(X=0.000 Y=0.000 Z=-50.000), Max=(X=2450.000 Y=4400.000 Z=0.000) RuntimeGrid:None EditorOnly:0 RuntimeOnly:0 HLODRelevant:1
 |   |   |- Guid:21C181CE42FA61C8F58ED08A496AA85A BaseClass:/Game/Prop/GranadeCharger.GranadeCharger_C NativeClass:/Script/Engine.Actor Name:GranadeCharger_C_UAID_4CCC6A83C22FE74901_1211328908 Label:GranadeCharger4 SpatiallyLoaded:1 Bounds:IsValid=true, Min=(X=1528.000 Y=3388.000 Z=0.000), Max=(X=1772.000 Y=3632.000 Z=100.000) RuntimeGrid:None EditorOnly:0 RuntimeOnly:0 HLODRelevant:0
 |   |   |- Guid:2DF1BCDC45A1E9D9FC16F393E423AF5F BaseClass:/Game/Player/Player_Support.Player_Support_C NativeClass:/Script/Engine.Character Name:Player_Support_C_UAID_4CCC6A83C22FE94901_1251756263 Label:Player_Support SpatiallyLoaded:1 Bounds:IsValid=true, Min=(X=1105.000 Y=1445.000 Z=-0.112), Max=(X=1177.576 Y=1515.000 Z=180.332) RuntimeGrid:None EditorOnly:0 RuntimeOnly:0 HLODRelevant:0
 |   |   |- Guid:2FB58999456391D349DC0F86DAC136ED BaseClass: NativeClass:/Script/Engine.SkyLight Name:SkyLight_1 Label:SkyLight SpatiallyLoaded:0 Bounds:IsValid=true, Min=(X=0.000 Y=0.000 Z=690.000), Max=(X=0.000 Y=0.000 Z=690.000) RuntimeGrid:None EditorOnly:0 RuntimeOnly:0 HLODRelevant:0 FolderPath:Lighting FolderGuid:963EC3EB4002CCE9759E2EBA541A873A
 |   |   |- Guid:316CF2A6494ACA4C0E4180A87D36AB8F BaseClass: NativeClass:/Script/Engine.ExponentialHeightFog Name:ExponentialHeightFog_0 Label:ExponentialHeightFog SpatiallyLoaded:0 Bounds:IsValid=true, Min=(X=-5600.000 Y=-50.000 Z=-6850.000), Max=(X=-5600.000 Y=-50.000 Z=-6850.000) RuntimeGrid:None EditorOnly:0 RuntimeOnly:0 HLODRelevant:0 FolderPath:Lighting FolderGuid:963EC3EB4002CCE9759E2EBA541A873A
 |   |   |- Guid:34C74AEF4B6A33E8261DA7846AF53BFF BaseClass:/Game/Test/Craftable.Craftable_C NativeClass:/Script/Engine.Actor Name:Craftable_C_UAID_4CCC6A83C22FFC4701_1285708487 Label:Craftable2 SpatiallyLoaded:1 Bounds:IsValid=true, Min=(X=774.812 Y=2197.475 Z=246.075), Max=(X=1085.188 Y=2242.525 Z=553.925) RuntimeGrid:None EditorOnly:0 RuntimeOnly:0 HLODRelevant:0
 |   |   |- Guid:40092C2342D2DC3A5E51C385CA3D10BA BaseClass:/Game/Player/Tank/Player_Tank.Player_Tank_C NativeClass:/Script/Engine.Character Name:Player_Tank_C_UAID_4CCC6A83C22F844A01_1978186535 Label:Player_Tank SpatiallyLoaded:1 Bounds:IsValid=true, Min=(X=970.000 Y=1740.000 Z=-0.112), Max=(X=1170.000 Y=1940.000 Z=200.000) RuntimeGrid:None EditorOnly:0 RuntimeOnly:0 HLODRelevant:0
 |   |   |- Guid:43815E84492231AFC407F59E3C28176B BaseClass: NativeClass:/Script/Engine.StaticMeshActor Name:StaticMeshActor_4 Label:SM_Cube6 SpatiallyLoaded:1 Bounds:IsValid=true, Min=(X=2390.000 Y=100.000 Z=0.000), Max=(X=2490.000 Y=4325.000 Z=400.000) RuntimeGrid:None EditorOnly:0 RuntimeOnly:0 HLODRelevant:1 FolderPath:Playground FolderGuid:C73F09FC4215536B1DCE2A9E0A830C70
 |   |   |- Guid:488F239947AA8723D1B1D4B2A0388791 BaseClass: NativeClass:/Script/Engine.StaticMeshActor Name:StaticMeshActor_UAID_4CCC6A83C22FE64901_2109115728 Label:Shape_Wedge_B SpatiallyLoaded:1 Bounds:IsValid=true, Min=(X=827.500 Y=105.000 Z=0.000), Max=(X=1652.500 Y=755.000 Z=175.000) RuntimeGrid:None EditorOnly:0 RuntimeOnly:0 HLODRelevant:1
 |   |   |- Guid:4914A6914BE57AFEAF26CAAE23105548 BaseClass:/Game/Prop/GranadeCharger.GranadeCharger_C NativeClass:/Script/Engine.Actor Name:GranadeCharger_C_UAID_4CCC6A83C22FE74901_1211325907 Label:GranadeCharger3 SpatiallyLoaded:1 Bounds:IsValid=true, Min=(X=718.000 Y=3378.000 Z=0.000), Max=(X=962.000 Y=3622.000 Z=100.000) RuntimeGrid:None EditorOnly:0 RuntimeOnly:0 HLODRelevant:0
 |   |   |- Guid:4D3BE93F4146AAAC8BBE79999D96D57F BaseClass: NativeClass:/Script/Engine.VolumetricCloud Name:VolumetricCloud_0 Label:VolumetricCloud SpatiallyLoaded:0 Bounds:IsValid=true, Min=(X=0.000 Y=0.000 Z=820.000), Max=(X=0.000 Y=0.000 Z=820.000) RuntimeGrid:None EditorOnly:0 RuntimeOnly:0 HLODRelevant:0 FolderPath:Lighting FolderGuid:963EC3EB4002CCE9759E2EBA541A873A
 |   |   |- Guid:5A79521B4F219C2F9B14E6BE0BA1DD08 BaseClass:/Game/Prop/GranadeSpecialCharger.GranadeSpecialCharger_C NativeClass:/Script/Engine.Actor Name:GranadeSpecialCharger_C_UAID_4CCC6A83C22FE74901_1456015910 Label:GranadeSpecialCharger2 SpatiallyLoaded:1 Bounds:IsValid=true, Min=(X=1128.000 Y=1128.000 Z=0.000), Max=(X=1372.000 Y=1372.000 Z=100.000) RuntimeGrid:None EditorOnly:0 RuntimeOnly:0 HLODRelevant:0
 |   |   |- Guid:6BAF4DDD444C60371492D3919DB42C97 BaseClass: NativeClass:/Script/Engine.WorldDataLayers Name:WorldDataLayers Label:WorldDataLayers SpatiallyLoaded:0 Bounds:IsValid=true, Min=(X=0.000 Y=0.000 Z=0.000), Max=(X=0.000 Y=0.000 Z=0.000) RuntimeGrid:None EditorOnly:0 RuntimeOnly:0 HLODRelevant:0
 |   |   |- Guid:70964EA8470BD9ADBA22FD9853CEE04B BaseClass:/Game/Prop/Wall.Wall_C NativeClass:/Script/Engine.Actor Name:Wall_C_UAID_4CCC6A83C22F434601_1468840872 Label:Wall SpatiallyLoaded:1 Bounds:IsValid=true, Min=(X=139.958 Y=2155.482 Z=-12.666), Max=(X=2360.042 Y=2184.518 Z=212.666) RuntimeGrid:None EditorOnly:0 RuntimeOnly:0 HLODRelevant:0
 |   |   |- Guid:75CF3E244D9B985E352632A88D92E561 BaseClass: NativeClass:/Script/NavigationSystem.RecastNavMesh Name:RecastNavMesh_UAID_4CCC6A83C22FE64901-Default Label:RecastNavMesh-Default SpatiallyLoaded:0 Bounds:IsValid=true, Min=(X=0.000 Y=0.000 Z=0.000), Max=(X=0.000 Y=0.000 Z=0.000) RuntimeGrid:None EditorOnly:0 RuntimeOnly:0 HLODRelevant:0
 |   |   |- Guid:772C62EF4BB3B2386BBC729BFB1EA47E BaseClass: NativeClass:/Script/Engine.StaticMeshActor Name:StaticMeshActor_UAID_4CCC6A83C22FE64901_2144559729 Label:Shape_Wedge_B2 SpatiallyLoaded:1 Bounds:IsValid=true, Min=(X=837.500 Y=3625.000 Z=0.000), Max=(X=1662.500 Y=4275.000 Z=175.000) RuntimeGrid:None EditorOnly:0 RuntimeOnly:0 HLODRelevant:1
 |   |   |- Guid:A56216954B2165CF0F35A886B537D536 BaseClass: NativeClass:/Script/Engine.StaticMeshActor Name:StaticMeshActor_0 Label:SM_Cube5 SpatiallyLoaded:1 Bounds:IsValid=true, Min=(X=-0.000 Y=100.000 Z=0.000), Max=(X=100.000 Y=4325.000 Z=400.000) RuntimeGrid:None EditorOnly:0 RuntimeOnly:0 HLODRelevant:1 FolderPath:Playground FolderGuid:C73F09FC4215536B1DCE2A9E0A830C70
 |   |   |- Guid:B785ED2844B84CFB91E7F39FE661CD99 BaseClass: NativeClass:/Script/Engine.DirectionalLight Name:DirectionalLight_0 Label:DirectionalLight SpatiallyLoaded:0 Bounds:IsValid=true, Min=(X=-1048576.000 Y=-1048576.000 Z=-1048576.000), Max=(X=1048576.000 Y=1048576.000 Z=1048576.000) RuntimeGrid:None EditorOnly:0 RuntimeOnly:0 HLODRelevant:0 FolderPath:Lighting FolderGuid:963EC3EB4002CCE9759E2EBA541A873A
 |   |   |- Guid:BC08B79C4EA3C961CFF75EBBE83B367D BaseClass: NativeClass:/Script/Engine.StaticMeshActor Name:StaticMeshActor_5 Label:SM_Cube2 SpatiallyLoaded:1 Bounds:IsValid=true, Min=(X=0.000 Y=0.000 Z=0.000), Max=(X=2500.000 Y=100.000 Z=400.000) RuntimeGrid:None EditorOnly:0 RuntimeOnly:0 HLODRelevant:1 FolderPath:Playground FolderGuid:C73F09FC4215536B1DCE2A9E0A830C70
 |   |   |- Guid:CCFF262C46EEFFDF319E7F9539CE697E BaseClass: NativeClass:/Script/Engine.SkyAtmosphere Name:SkyAtmosphere_0 Label:SkyAtmosphere SpatiallyLoaded:0 Bounds:IsValid=true, Min=(X=0.000 Y=0.000 Z=1020.000), Max=(X=0.000 Y=0.000 Z=1020.000) RuntimeGrid:None EditorOnly:0 RuntimeOnly:0 HLODRelevant:0 FolderPath:Lighting FolderGuid:963EC3EB4002CCE9759E2EBA541A873A
 |   |   |- Guid:EACFEF2F49722C043CF4A1B509C24208 BaseClass:/Game/Prop/GranadeSpecialCharger.GranadeSpecialCharger_C NativeClass:/Script/Engine.Actor Name:GranadeSpecialCharger_C_UAID_4CCC6A83C22FE74901_1453004909 Label:GranadeSpecialCharger SpatiallyLoaded:1 Bounds:IsValid=true, Min=(X=1118.000 Y=2938.000 Z=0.000), Max=(X=1362.000 Y=3182.000 Z=100.000) RuntimeGrid:None EditorOnly:0 RuntimeOnly:0 HLODRelevant:0
 |   |   |- Guid:EC4E0C944CE6AC6E784BC6BB2916EA13 BaseClass: NativeClass:/Script/Engine.StaticMeshActor Name:StaticMeshActor_UAID_A4AE111137DC5EFB00_1110535423 Label:SM_SkySphere SpatiallyLoaded:0 Bounds:IsValid=true, Min=(X=-1638400.000 Y=-1638400.000 Z=-1638400.000), Max=(X=1638400.000 Y=1638400.000 Z=1638400.000) RuntimeGrid:None EditorOnly:0 RuntimeOnly:0 HLODRelevant:1 FolderPath:Lighting FolderGuid:963EC3EB4002CCE9759E2EBA541A873A
 |   |   |- Guid:EEC226D940DA9AFAB01A4DAF3E28B83D BaseClass:/Game/Test/Craftable.Craftable_C NativeClass:/Script/Engine.Actor Name:Craftable_C_UAID_4CCC6A83C22F4B4601_1958747279 Label:Craftable SpatiallyLoaded:1 Bounds:IsValid=true, Min=(X=2106.984 Y=2031.436 Z=263.461), Max=(X=2393.016 Y=2388.564 Z=536.539) RuntimeGrid:None EditorOnly:0 RuntimeOnly:0 HLODRelevant:0
 |   |   |- Guid:F5E3FEB3450C49844FD93DA8E083C8AD BaseClass: NativeClass:/Script/Engine.PostProcessVolume Name:PostProcessVolume_0 Label:PostProcessVolume SpatiallyLoaded:0 Bounds:IsValid=true, Min=(X=0.000 Y=0.000 Z=400.000), Max=(X=200.000 Y=200.000 Z=600.000) RuntimeGrid:None EditorOnly:0 RuntimeOnly:0 HLODRelevant:0 FolderPath:Lighting FolderGuid:963EC3EB4002CCE9759E2EBA541A873A
 |   |   |- Guid:FF698C67459ADB4982D7759C0905EE9F BaseClass: NativeClass:/Script/Engine.StaticMeshActor Name:StaticMeshActor_6 Label:SM_Cube3 SpatiallyLoaded:1 Bounds:IsValid=true, Min=(X=0.000 Y=4310.000 Z=0.000), Max=(X=2475.000 Y=4410.000 Z=400.000) RuntimeGrid:None EditorOnly:0 RuntimeOnly:0 HLODRelevant:1 FolderPath:Playground FolderGuid:C73F09FC4215536B1DCE2A9E0A830C70
 |   |- [+] Clusters:
 |   |   |- [+] [  0]
 |   |   |   |- Guid:6BAF4DDD444C60371492D3919DB42C97 BaseClass: NativeClass:/Script/Engine.WorldDataLayers Name:WorldDataLayers Label:WorldDataLayers SpatiallyLoaded:0 Bounds:IsValid=true, Min=(X=0.000 Y=0.000 Z=0.000), Max=(X=0.000 Y=0.000 Z=0.000) RuntimeGrid:None EditorOnly:0 RuntimeOnly:0 HLODRelevant:0
 |   |   |- [+] [  1]
 |   |   |   |- Guid:F5E3FEB3450C49844FD93DA8E083C8AD BaseClass: NativeClass:/Script/Engine.PostProcessVolume Name:PostProcessVolume_0 Label:PostProcessVolume SpatiallyLoaded:0 Bounds:IsValid=true, Min=(X=0.000 Y=0.000 Z=400.000), Max=(X=200.000 Y=200.000 Z=600.000) RuntimeGrid:None EditorOnly:0 RuntimeOnly:0 HLODRelevant:0 FolderPath:Lighting FolderGuid:963EC3EB4002CCE9759E2EBA541A873A
 |   |   |- [+] [  2]
 |   |   |   |- Guid:4D3BE93F4146AAAC8BBE79999D96D57F BaseClass: NativeClass:/Script/Engine.VolumetricCloud Name:VolumetricCloud_0 Label:VolumetricCloud SpatiallyLoaded:0 Bounds:IsValid=true, Min=(X=0.000 Y=0.000 Z=820.000), Max=(X=0.000 Y=0.000 Z=820.000) RuntimeGrid:None EditorOnly:0 RuntimeOnly:0 HLODRelevant:0 FolderPath:Lighting FolderGuid:963EC3EB4002CCE9759E2EBA541A873A
 |   |   |- [+] [  3]
 |   |   |   |- Guid:4914A6914BE57AFEAF26CAAE23105548 BaseClass:/Game/Prop/GranadeCharger.GranadeCharger_C NativeClass:/Script/Engine.Actor Name:GranadeCharger_C_UAID_4CCC6A83C22FE74901_1211325907 Label:GranadeCharger3 SpatiallyLoaded:1 Bounds:IsValid=true, Min=(X=718.000 Y=3378.000 Z=0.000), Max=(X=962.000 Y=3622.000 Z=100.000) RuntimeGrid:None EditorOnly:0 RuntimeOnly:0 HLODRelevant:0
 |   |   |- [+] [  4]
 |   |   |   |- Guid:CCFF262C46EEFFDF319E7F9539CE697E BaseClass: NativeClass:/Script/Engine.SkyAtmosphere Name:SkyAtmosphere_0 Label:SkyAtmosphere SpatiallyLoaded:0 Bounds:IsValid=true, Min=(X=0.000 Y=0.000 Z=1020.000), Max=(X=0.000 Y=0.000 Z=1020.000) RuntimeGrid:None EditorOnly:0 RuntimeOnly:0 HLODRelevant:0 FolderPath:Lighting FolderGuid:963EC3EB4002CCE9759E2EBA541A873A
 |   |   |- [+] [  5]
 |   |   |   |- Guid:EC4E0C944CE6AC6E784BC6BB2916EA13 BaseClass: NativeClass:/Script/Engine.StaticMeshActor Name:StaticMeshActor_UAID_A4AE111137DC5EFB00_1110535423 Label:SM_SkySphere SpatiallyLoaded:0 Bounds:IsValid=true, Min=(X=-1638400.000 Y=-1638400.000 Z=-1638400.000), Max=(X=1638400.000 Y=1638400.000 Z=1638400.000) RuntimeGrid:None EditorOnly:0 RuntimeOnly:0 HLODRelevant:1 FolderPath:Lighting FolderGuid:963EC3EB4002CCE9759E2EBA541A873A
 |   |   |- [+] [  6]
 |   |   |   |- Guid:EACFEF2F49722C043CF4A1B509C24208 BaseClass:/Game/Prop/GranadeSpecialCharger.GranadeSpecialCharger_C NativeClass:/Script/Engine.Actor Name:GranadeSpecialCharger_C_UAID_4CCC6A83C22FE74901_1453004909 Label:GranadeSpecialCharger SpatiallyLoaded:1 Bounds:IsValid=true, Min=(X=1118.000 Y=2938.000 Z=0.000), Max=(X=1362.000 Y=3182.000 Z=100.000) RuntimeGrid:None EditorOnly:0 RuntimeOnly:0 HLODRelevant:0
 |   |   |- [+] [  7]
 |   |   |   |- Guid:43815E84492231AFC407F59E3C28176B BaseClass: NativeClass:/Script/Engine.StaticMeshActor Name:StaticMeshActor_4 Label:SM_Cube6 SpatiallyLoaded:1 Bounds:IsValid=true, Min=(X=2390.000 Y=100.000 Z=0.000), Max=(X=2490.000 Y=4325.000 Z=400.000) RuntimeGrid:None EditorOnly:0 RuntimeOnly:0 HLODRelevant:1 FolderPath:Playground FolderGuid:C73F09FC4215536B1DCE2A9E0A830C70
 |   |   |- [+] [  8]
 |   |   |   |- Guid:B785ED2844B84CFB91E7F39FE661CD99 BaseClass: NativeClass:/Script/Engine.DirectionalLight Name:DirectionalLight_0 Label:DirectionalLight SpatiallyLoaded:0 Bounds:IsValid=true, Min=(X=-1048576.000 Y=-1048576.000 Z=-1048576.000), Max=(X=1048576.000 Y=1048576.000 Z=1048576.000) RuntimeGrid:None EditorOnly:0 RuntimeOnly:0 HLODRelevant:0 FolderPath:Lighting FolderGuid:963EC3EB4002CCE9759E2EBA541A873A
 |   |   |- [+] [  9]
 |   |   |   |- Guid:70964EA8470BD9ADBA22FD9853CEE04B BaseClass:/Game/Prop/Wall.Wall_C NativeClass:/Script/Engine.Actor Name:Wall_C_UAID_4CCC6A83C22F434601_1468840872 Label:Wall SpatiallyLoaded:1 Bounds:IsValid=true, Min=(X=139.958 Y=2155.482 Z=-12.666), Max=(X=2360.042 Y=2184.518 Z=212.666) RuntimeGrid:None EditorOnly:0 RuntimeOnly:0 HLODRelevant:0
 |   |   |- [+] [ 10]
 |   |   |   |- Guid:0D07703A44B30F934FE1B4B143B44B22 BaseClass:/Game/Prop/GranadeCharger.GranadeCharger_C NativeClass:/Script/Engine.Actor Name:GranadeCharger_C_UAID_4CCC6A83C22FE74901_1159823906 Label:GranadeCharger2 SpatiallyLoaded:1 Bounds:IsValid=true, Min=(X=1518.000 Y=788.000 Z=0.000), Max=(X=1762.000 Y=1032.000 Z=100.000) RuntimeGrid:None EditorOnly:0 RuntimeOnly:0 HLODRelevant:0
 |   |   |- [+] [ 11]
 |   |   |   |- Guid:316CF2A6494ACA4C0E4180A87D36AB8F BaseClass: NativeClass:/Script/Engine.ExponentialHeightFog Name:ExponentialHeightFog_0 Label:ExponentialHeightFog SpatiallyLoaded:0 Bounds:IsValid=true, Min=(X=-5600.000 Y=-50.000 Z=-6850.000), Max=(X=-5600.000 Y=-50.000 Z=-6850.000) RuntimeGrid:None EditorOnly:0 RuntimeOnly:0 HLODRelevant:0 FolderPath:Lighting FolderGuid:963EC3EB4002CCE9759E2EBA541A873A
 |   |   |- [+] [ 12]
 |   |   |   |- Guid:75CF3E244D9B985E352632A88D92E561 BaseClass: NativeClass:/Script/NavigationSystem.RecastNavMesh Name:RecastNavMesh_UAID_4CCC6A83C22FE64901-Default Label:RecastNavMesh-Default SpatiallyLoaded:0 Bounds:IsValid=true, Min=(X=0.000 Y=0.000 Z=0.000), Max=(X=0.000 Y=0.000 Z=0.000) RuntimeGrid:None EditorOnly:0 RuntimeOnly:0 HLODRelevant:0
 |   |   |- [+] [ 13]
 |   |   |   |- Guid:21C181CE42FA61C8F58ED08A496AA85A BaseClass:/Game/Prop/GranadeCharger.GranadeCharger_C NativeClass:/Script/Engine.Actor Name:GranadeCharger_C_UAID_4CCC6A83C22FE74901_1211328908 Label:GranadeCharger4 SpatiallyLoaded:1 Bounds:IsValid=true, Min=(X=1528.000 Y=3388.000 Z=0.000), Max=(X=1772.000 Y=3632.000 Z=100.000) RuntimeGrid:None EditorOnly:0 RuntimeOnly:0 HLODRelevant:0
 |   |   |- [+] [ 14]
 |   |   |   |- Guid:2FB58999456391D349DC0F86DAC136ED BaseClass: NativeClass:/Script/Engine.SkyLight Name:SkyLight_1 Label:SkyLight SpatiallyLoaded:0 Bounds:IsValid=true, Min=(X=0.000 Y=0.000 Z=690.000), Max=(X=0.000 Y=0.000 Z=690.000) RuntimeGrid:None EditorOnly:0 RuntimeOnly:0 HLODRelevant:0 FolderPath:Lighting FolderGuid:963EC3EB4002CCE9759E2EBA541A873A
 |   |   |- [+] [ 15]
 |   |   |   |- Guid:488F239947AA8723D1B1D4B2A0388791 BaseClass: NativeClass:/Script/Engine.StaticMeshActor Name:StaticMeshActor_UAID_4CCC6A83C22FE64901_2109115728 Label:Shape_Wedge_B SpatiallyLoaded:1 Bounds:IsValid=true, Min=(X=827.500 Y=105.000 Z=0.000), Max=(X=1652.500 Y=755.000 Z=175.000) RuntimeGrid:None EditorOnly:0 RuntimeOnly:0 HLODRelevant:1
 |   |   |- [+] [ 16]
 |   |   |   |- Guid:772C62EF4BB3B2386BBC729BFB1EA47E BaseClass: NativeClass:/Script/Engine.StaticMeshActor Name:StaticMeshActor_UAID_4CCC6A83C22FE64901_2144559729 Label:Shape_Wedge_B2 SpatiallyLoaded:1 Bounds:IsValid=true, Min=(X=837.500 Y=3625.000 Z=0.000), Max=(X=1662.500 Y=4275.000 Z=175.000) RuntimeGrid:None EditorOnly:0 RuntimeOnly:0 HLODRelevant:1
 |   |   |- [+] [ 17]
 |   |   |   |- Guid:A56216954B2165CF0F35A886B537D536 BaseClass: NativeClass:/Script/Engine.StaticMeshActor Name:StaticMeshActor_0 Label:SM_Cube5 SpatiallyLoaded:1 Bounds:IsValid=true, Min=(X=-0.000 Y=100.000 Z=0.000), Max=(X=100.000 Y=4325.000 Z=400.000) RuntimeGrid:None EditorOnly:0 RuntimeOnly:0 HLODRelevant:1 FolderPath:Playground FolderGuid:C73F09FC4215536B1DCE2A9E0A830C70
 |   |   |- [+] [ 18]
 |   |   |   |- Guid:EEC226D940DA9AFAB01A4DAF3E28B83D BaseClass:/Game/Test/Craftable.Craftable_C NativeClass:/Script/Engine.Actor Name:Craftable_C_UAID_4CCC6A83C22F4B4601_1958747279 Label:Craftable SpatiallyLoaded:1 Bounds:IsValid=true, Min=(X=2106.984 Y=2031.436 Z=263.461), Max=(X=2393.016 Y=2388.564 Z=536.539) RuntimeGrid:None EditorOnly:0 RuntimeOnly:0 HLODRelevant:0
 |   |   |- [+] [ 19]
 |   |   |   |- Guid:0536D23F43E178095325EBAC5D03EE10 BaseClass:/Game/Prop/GranadeCharger.GranadeCharger_C NativeClass:/Script/Engine.Actor Name:GranadeCharger_C_UAID_4CCC6A83C22FA14801_2133851527 Label:GranadeCharger SpatiallyLoaded:1 Bounds:IsValid=true, Min=(X=708.000 Y=778.000 Z=0.000), Max=(X=952.000 Y=1022.000 Z=100.000) RuntimeGrid:None EditorOnly:0 RuntimeOnly:0 HLODRelevant:0
 |   |   |- [+] [ 20]
 |   |   |   |- Guid:34C74AEF4B6A33E8261DA7846AF53BFF BaseClass:/Game/Test/Craftable.Craftable_C NativeClass:/Script/Engine.Actor Name:Craftable_C_UAID_4CCC6A83C22FFC4701_1285708487 Label:Craftable2 SpatiallyLoaded:1 Bounds:IsValid=true, Min=(X=774.812 Y=2197.475 Z=246.075), Max=(X=1085.188 Y=2242.525 Z=553.925) RuntimeGrid:None EditorOnly:0 RuntimeOnly:0 HLODRelevant:0
 |   |   |- [+] [ 21]
 |   |   |   |- Guid:BC08B79C4EA3C961CFF75EBBE83B367D BaseClass: NativeClass:/Script/Engine.StaticMeshActor Name:StaticMeshActor_5 Label:SM_Cube2 SpatiallyLoaded:1 Bounds:IsValid=true, Min=(X=0.000 Y=0.000 Z=0.000), Max=(X=2500.000 Y=100.000 Z=400.000) RuntimeGrid:None EditorOnly:0 RuntimeOnly:0 HLODRelevant:1 FolderPath:Playground FolderGuid:C73F09FC4215536B1DCE2A9E0A830C70
 |   |   |- [+] [ 22]
 |   |   |   |- Guid:FF698C67459ADB4982D7759C0905EE9F BaseClass: NativeClass:/Script/Engine.StaticMeshActor Name:StaticMeshActor_6 Label:SM_Cube3 SpatiallyLoaded:1 Bounds:IsValid=true, Min=(X=0.000 Y=4310.000 Z=0.000), Max=(X=2475.000 Y=4410.000 Z=400.000) RuntimeGrid:None EditorOnly:0 RuntimeOnly:0 HLODRelevant:1 FolderPath:Playground FolderGuid:C73F09FC4215536B1DCE2A9E0A830C70
 |   |   |- [+] [ 23]
 |   |   |   |- Guid:2DF1BCDC45A1E9D9FC16F393E423AF5F BaseClass:/Game/Player/Player_Support.Player_Support_C NativeClass:/Script/Engine.Character Name:Player_Support_C_UAID_4CCC6A83C22FE94901_1251756263 Label:Player_Support SpatiallyLoaded:1 Bounds:IsValid=true, Min=(X=1105.000 Y=1445.000 Z=-0.112), Max=(X=1177.576 Y=1515.000 Z=180.332) RuntimeGrid:None EditorOnly:0 RuntimeOnly:0 HLODRelevant:0
 |   |   |- [+] [ 24]
 |   |   |   |- Guid:1A45523344EC93E9F61FC297EB26C3B7 BaseClass:/Game/Prop/Floor.Floor_C NativeClass:/Script/Engine.StaticMeshActor Name:Floor_C_UAID_4CCC6A83C22FFF4701_1406930016 Label:Floor SpatiallyLoaded:1 Bounds:IsValid=true, Min=(X=0.000 Y=0.000 Z=-50.000), Max=(X=2450.000 Y=4400.000 Z=0.000) RuntimeGrid:None EditorOnly:0 RuntimeOnly:0 HLODRelevant:1
 |   |   |- [+] [ 25]
 |   |   |   |- Guid:5A79521B4F219C2F9B14E6BE0BA1DD08 BaseClass:/Game/Prop/GranadeSpecialCharger.GranadeSpecialCharger_C NativeClass:/Script/Engine.Actor Name:GranadeSpecialCharger_C_UAID_4CCC6A83C22FE74901_1456015910 Label:GranadeSpecialCharger2 SpatiallyLoaded:1 Bounds:IsValid=true, Min=(X=1128.000 Y=1128.000 Z=0.000), Max=(X=1372.000 Y=1372.000 Z=100.000) RuntimeGrid:None EditorOnly:0 RuntimeOnly:0 HLODRelevant:0
 |   |   |- [+] [ 26]
 |   |   |   |- Guid:40092C2342D2DC3A5E51C385CA3D10BA BaseClass:/Game/Player/Tank/Player_Tank.Player_Tank_C NativeClass:/Script/Engine.Character Name:Player_Tank_C_UAID_4CCC6A83C22F844A01_1978186535 Label:Player_Tank SpatiallyLoaded:1 Bounds:IsValid=true, Min=(X=970.000 Y=1740.000 Z=-0.112), Max=(X=1170.000 Y=1940.000 Z=200.000) RuntimeGrid:None EditorOnly:0 RuntimeOnly:0 HLODRelevant:0
 |- ContainerInstances:
 |- [+] MainContainer:
 |   |-        ID: 0x0000000000000000
 |   |-    Bounds: IsValid=false, Min=(X=0.000 Y=0.000 Z=0.000), Max=(X=0.000 Y=0.000 Z=0.000)
 |   |- Transform: 0.000000,0.000000,0.000000|0.000000,0.000000,-0.000000|1.000000,1.000000,1.000000
 |   |- Container: /Game/ThirdPerson/Maps/ThirdPersonMap
----------------------------------------------------------------------------------------------------------------
ThirdPersonMap - Persistent Level
----------------------------------------------------------------------------------------------------------------
Always loaded Actor Count: 60 

----------------------------------------------------------------------------------------------------------------
ThirdPersonMap - Runtime Spatial Hash - Streaming Grid - MainGrid
----------------------------------------------------------------------------------------------------------------
            Origin: X=0.000 Y=0.000 Z=0.000
         Cell Size: 12800
      World Bounds: IsValid=false, Min=(X=0.000 Y=0.000 Z=0.000), Max=(X=0.000 Y=0.000 Z=0.000)
     Loading Range: 25600.00
Block Slow Loading: No
 ClientOnlyVisible: No

[+] Grid Levels: 1
 |- Level  0: Cell Count    0 | Cell Size   12800 | Actor Count    0 (0.0%)

[+] Content of Grid Level 0

